{"D:\\Projects\\NetPulse\\src\\app.js": {"path":"D:\\Projects\\NetPulse\\src\\app.js","statementMap":{"0":{"start":{"line":1,"column":16},"end":{"line":1,"column":34}},"1":{"start":{"line":3,"column":18},"end":{"line":3,"column":47}},"2":{"start":{"line":4,"column":20},"end":{"line":4,"column":45}},"3":{"start":{"line":7,"column":4},"end":{"line":7,"column":34}},"4":{"start":{"line":10,"column":4},"end":{"line":10,"column":36}},"5":{"start":{"line":13,"column":4},"end":{"line":13,"column":39}},"6":{"start":{"line":16,"column":4},"end":{"line":16,"column":38}},"7":{"start":{"line":21,"column":4},"end":{"line":21,"column":40}},"8":{"start":{"line":24,"column":12},"end":{"line":24,"column":21}},"9":{"start":{"line":27,"column":0},"end":{"line":27,"column":24}},"10":{"start":{"line":29,"column":0},"end":{"line":33,"column":2}},"11":{"start":{"line":36,"column":0},"end":{"line":43,"column":3}},"12":{"start":{"line":38,"column":4},"end":{"line":41,"column":7}},"13":{"start":{"line":46,"column":0},"end":{"line":49,"column":2}},"14":{"start":{"line":51,"column":0},"end":{"line":54,"column":2}},"15":{"start":{"line":56,"column":0},"end":{"line":59,"column":2}},"16":{"start":{"line":61,"column":0},"end":{"line":64,"column":2}},"17":{"start":{"line":67,"column":0},"end":{"line":67,"column":18}},"18":{"start":{"line":70,"column":0},"end":{"line":70,"column":22}},"19":{"start":{"line":72,"column":0},"end":{"line":72,"column":21}}},"fnMap":{"0":{"name":"(anonymous_0)","decl":{"start":{"line":36,"column":13},"end":{"line":36,"column":14}},"loc":{"start":{"line":36,"column":27},"end":{"line":43,"column":1}},"line":36}},"branchMap":{},"s":{"0":5,"1":5,"2":5,"3":5,"4":5,"5":5,"6":5,"7":5,"8":5,"9":5,"10":5,"11":5,"12":1,"13":5,"14":5,"15":5,"16":5,"17":5,"18":5,"19":5},"f":{"0":1},"b":{},"_coverageSchema":"1a1c01bbd47fc00a2c39e90264f33305004495a9","hash":"f380617e0c224af8654647d2f1254c19c3c6c909"}
,"D:\\Projects\\NetPulse\\src\\config\\database.js": {"path":"D:\\Projects\\NetPulse\\src\\config\\database.js","statementMap":{"0":{"start":{"line":1,"column":17},"end":{"line":1,"column":30}},"1":{"start":{"line":2,"column":0},"end":{"line":2,"column":27}},"2":{"start":{"line":4,"column":13},"end":{"line":10,"column":2}},"3":{"start":{"line":12,"column":0},"end":{"line":14,"column":3}},"4":{"start":{"line":13,"column":4},"end":{"line":13,"column":40}},"5":{"start":{"line":16,"column":0},"end":{"line":18,"column":3}},"6":{"start":{"line":17,"column":4},"end":{"line":17,"column":44}},"7":{"start":{"line":20,"column":0},"end":{"line":20,"column":22}}},"fnMap":{"0":{"name":"(anonymous_0)","decl":{"start":{"line":12,"column":19},"end":{"line":12,"column":20}},"loc":{"start":{"line":12,"column":25},"end":{"line":14,"column":1}},"line":12},"1":{"name":"(anonymous_1)","decl":{"start":{"line":16,"column":17},"end":{"line":16,"column":18}},"loc":{"start":{"line":16,"column":26},"end":{"line":18,"column":1}},"line":16}},"branchMap":{},"s":{"0":5,"1":5,"2":5,"3":5,"4":2,"5":5,"6":0,"7":5},"f":{"0":2,"1":0},"b":{},"_coverageSchema":"1a1c01bbd47fc00a2c39e90264f33305004495a9","hash":"2724af8b51533ff64ca0dfa3175abe02d4ccf100"}
,"D:\\Projects\\NetPulse\\src\\controllers\\authController.js": {"path":"D:\\Projects\\NetPulse\\src\\controllers\\authController.js","statementMap":{"0":{"start":{"line":1,"column":15},"end":{"line":1,"column":32}},"1":{"start":{"line":2,"column":12},"end":{"line":2,"column":35}},"2":{"start":{"line":3,"column":13},"end":{"line":3,"column":42}},"3":{"start":{"line":9,"column":17},"end":{"line":60,"column":1}},"4":{"start":{"line":10,"column":4},"end":{"line":59,"column":5}},"5":{"start":{"line":11,"column":42},"end":{"line":11,"column":50}},"6":{"start":{"line":14,"column":8},"end":{"line":19,"column":9}},"7":{"start":{"line":15,"column":12},"end":{"line":18,"column":15}},"8":{"start":{"line":22,"column":29},"end":{"line":25,"column":9}},"9":{"start":{"line":27,"column":8},"end":{"line":32,"column":9}},"10":{"start":{"line":28,"column":12},"end":{"line":31,"column":15}},"11":{"start":{"line":35,"column":29},"end":{"line":35,"column":60}},"12":{"start":{"line":38,"column":23},"end":{"line":44,"column":9}},"13":{"start":{"line":46,"column":8},"end":{"line":50,"column":11}},"14":{"start":{"line":53,"column":8},"end":{"line":53,"column":29}},"15":{"start":{"line":55,"column":8},"end":{"line":58,"column":11}},"16":{"start":{"line":66,"column":14},"end":{"line":140,"column":1}},"17":{"start":{"line":67,"column":4},"end":{"line":139,"column":5}},"18":{"start":{"line":68,"column":36},"end":{"line":68,"column":44}},"19":{"start":{"line":70,"column":8},"end":{"line":75,"column":9}},"20":{"start":{"line":71,"column":12},"end":{"line":74,"column":15}},"21":{"start":{"line":78,"column":23},"end":{"line":81,"column":9}},"22":{"start":{"line":83,"column":8},"end":{"line":88,"column":9}},"23":{"start":{"line":84,"column":12},"end":{"line":87,"column":15}},"24":{"start":{"line":90,"column":21},"end":{"line":90,"column":35}},"25":{"start":{"line":93,"column":30},"end":{"line":96,"column":9}},"26":{"start":{"line":98,"column":8},"end":{"line":103,"column":9}},"27":{"start":{"line":99,"column":12},"end":{"line":102,"column":15}},"28":{"start":{"line":106,"column":22},"end":{"line":116,"column":9}},"29":{"start":{"line":118,"column":8},"end":{"line":130,"column":11}},"30":{"start":{"line":133,"column":8},"end":{"line":133,"column":29}},"31":{"start":{"line":135,"column":8},"end":{"line":138,"column":11}},"32":{"start":{"line":143,"column":0},"end":{"line":146,"column":2}}},"fnMap":{"0":{"name":"(anonymous_0)","decl":{"start":{"line":9,"column":17},"end":{"line":9,"column":18}},"loc":{"start":{"line":9,"column":37},"end":{"line":60,"column":1}},"line":9},"1":{"name":"(anonymous_1)","decl":{"start":{"line":66,"column":14},"end":{"line":66,"column":15}},"loc":{"start":{"line":66,"column":34},"end":{"line":140,"column":1}},"line":66}},"branchMap":{"0":{"loc":{"start":{"line":14,"column":8},"end":{"line":19,"column":9}},"type":"if","locations":[{"start":{"line":14,"column":8},"end":{"line":19,"column":9}},{"start":{},"end":{}}],"line":14},"1":{"loc":{"start":{"line":14,"column":12},"end":{"line":14,"column":40}},"type":"binary-expr","locations":[{"start":{"line":14,"column":12},"end":{"line":14,"column":17}},{"start":{"line":14,"column":21},"end":{"line":14,"column":27}},{"start":{"line":14,"column":31},"end":{"line":14,"column":40}}],"line":14},"2":{"loc":{"start":{"line":27,"column":8},"end":{"line":32,"column":9}},"type":"if","locations":[{"start":{"line":27,"column":8},"end":{"line":32,"column":9}},{"start":{},"end":{}}],"line":27},"3":{"loc":{"start":{"line":70,"column":8},"end":{"line":75,"column":9}},"type":"if","locations":[{"start":{"line":70,"column":8},"end":{"line":75,"column":9}},{"start":{},"end":{}}],"line":70},"4":{"loc":{"start":{"line":70,"column":12},"end":{"line":70,"column":31}},"type":"binary-expr","locations":[{"start":{"line":70,"column":12},"end":{"line":70,"column":18}},{"start":{"line":70,"column":22},"end":{"line":70,"column":31}}],"line":70},"5":{"loc":{"start":{"line":83,"column":8},"end":{"line":88,"column":9}},"type":"if","locations":[{"start":{"line":83,"column":8},"end":{"line":88,"column":9}},{"start":{},"end":{}}],"line":83},"6":{"loc":{"start":{"line":98,"column":8},"end":{"line":103,"column":9}},"type":"if","locations":[{"start":{"line":98,"column":8},"end":{"line":103,"column":9}},{"start":{},"end":{}}],"line":98}},"s":{"0":5,"1":5,"2":5,"3":5,"4":4,"5":4,"6":4,"7":0,"8":4,"9":4,"10":0,"11":4,"12":4,"13":4,"14":0,"15":0,"16":5,"17":3,"18":3,"19":3,"20":0,"21":3,"22":3,"23":0,"24":3,"25":3,"26":3,"27":0,"28":3,"29":3,"30":0,"31":0,"32":5},"f":{"0":4,"1":3},"b":{"0":[0,4],"1":[4,4,4],"2":[0,4],"3":[0,3],"4":[3,3],"5":[0,3],"6":[0,3]},"_coverageSchema":"1a1c01bbd47fc00a2c39e90264f33305004495a9","hash":"4d7b669bb62428a7af172b04780c83467e128328"}
,"D:\\Projects\\NetPulse\\src\\controllers\\deviceController.js": {"path":"D:\\Projects\\NetPulse\\src\\controllers\\deviceController.js","statementMap":{"0":{"start":{"line":1,"column":13},"end":{"line":1,"column":42}},"1":{"start":{"line":5,"column":19},"end":{"line":31,"column":1}},"2":{"start":{"line":7,"column":4},"end":{"line":30,"column":5}},"3":{"start":{"line":9,"column":23},"end":{"line":15,"column":9}},"4":{"start":{"line":17,"column":8},"end":{"line":20,"column":11}},"5":{"start":{"line":24,"column":8},"end":{"line":24,"column":29}},"6":{"start":{"line":26,"column":8},"end":{"line":29,"column":11}},"7":{"start":{"line":35,"column":22},"end":{"line":71,"column":1}},"8":{"start":{"line":37,"column":4},"end":{"line":70,"column":5}},"9":{"start":{"line":39,"column":23},"end":{"line":39,"column":33}},"10":{"start":{"line":41,"column":23},"end":{"line":47,"column":9}},"11":{"start":{"line":49,"column":8},"end":{"line":55,"column":9}},"12":{"start":{"line":51,"column":12},"end":{"line":54,"column":15}},"13":{"start":{"line":57,"column":8},"end":{"line":60,"column":11}},"14":{"start":{"line":64,"column":8},"end":{"line":64,"column":29}},"15":{"start":{"line":66,"column":8},"end":{"line":69,"column":11}},"16":{"start":{"line":75,"column":21},"end":{"line":123,"column":1}},"17":{"start":{"line":77,"column":4},"end":{"line":122,"column":5}},"18":{"start":{"line":84,"column":12},"end":{"line":84,"column":20}},"19":{"start":{"line":86,"column":8},"end":{"line":92,"column":9}},"20":{"start":{"line":88,"column":12},"end":{"line":91,"column":15}},"21":{"start":{"line":94,"column":23},"end":{"line":106,"column":9}},"22":{"start":{"line":108,"column":8},"end":{"line":112,"column":11}},"23":{"start":{"line":116,"column":8},"end":{"line":116,"column":29}},"24":{"start":{"line":118,"column":8},"end":{"line":121,"column":11}},"25":{"start":{"line":127,"column":21},"end":{"line":182,"column":1}},"26":{"start":{"line":129,"column":4},"end":{"line":181,"column":5}},"27":{"start":{"line":131,"column":23},"end":{"line":131,"column":33}},"28":{"start":{"line":138,"column":12},"end":{"line":138,"column":20}},"29":{"start":{"line":140,"column":23},"end":{"line":157,"column":9}},"30":{"start":{"line":159,"column":8},"end":{"line":165,"column":9}},"31":{"start":{"line":161,"column":12},"end":{"line":164,"column":15}},"32":{"start":{"line":167,"column":8},"end":{"line":171,"column":11}},"33":{"start":{"line":175,"column":8},"end":{"line":175,"column":29}},"34":{"start":{"line":177,"column":8},"end":{"line":180,"column":11}},"35":{"start":{"line":186,"column":21},"end":{"line":222,"column":1}},"36":{"start":{"line":188,"column":4},"end":{"line":221,"column":5}},"37":{"start":{"line":190,"column":23},"end":{"line":190,"column":33}},"38":{"start":{"line":192,"column":23},"end":{"line":198,"column":9}},"39":{"start":{"line":200,"column":8},"end":{"line":206,"column":9}},"40":{"start":{"line":202,"column":12},"end":{"line":205,"column":15}},"41":{"start":{"line":208,"column":8},"end":{"line":211,"column":11}},"42":{"start":{"line":215,"column":8},"end":{"line":215,"column":29}},"43":{"start":{"line":217,"column":8},"end":{"line":220,"column":11}},"44":{"start":{"line":225,"column":0},"end":{"line":231,"column":2}}},"fnMap":{"0":{"name":"(anonymous_0)","decl":{"start":{"line":5,"column":19},"end":{"line":5,"column":20}},"loc":{"start":{"line":5,"column":39},"end":{"line":31,"column":1}},"line":5},"1":{"name":"(anonymous_1)","decl":{"start":{"line":35,"column":22},"end":{"line":35,"column":23}},"loc":{"start":{"line":35,"column":42},"end":{"line":71,"column":1}},"line":35},"2":{"name":"(anonymous_2)","decl":{"start":{"line":75,"column":21},"end":{"line":75,"column":22}},"loc":{"start":{"line":75,"column":41},"end":{"line":123,"column":1}},"line":75},"3":{"name":"(anonymous_3)","decl":{"start":{"line":127,"column":21},"end":{"line":127,"column":22}},"loc":{"start":{"line":127,"column":41},"end":{"line":182,"column":1}},"line":127},"4":{"name":"(anonymous_4)","decl":{"start":{"line":186,"column":21},"end":{"line":186,"column":22}},"loc":{"start":{"line":186,"column":41},"end":{"line":222,"column":1}},"line":186}},"branchMap":{"0":{"loc":{"start":{"line":49,"column":8},"end":{"line":55,"column":9}},"type":"if","locations":[{"start":{"line":49,"column":8},"end":{"line":55,"column":9}},{"start":{},"end":{}}],"line":49},"1":{"loc":{"start":{"line":86,"column":8},"end":{"line":92,"column":9}},"type":"if","locations":[{"start":{"line":86,"column":8},"end":{"line":92,"column":9}},{"start":{},"end":{}}],"line":86},"2":{"loc":{"start":{"line":86,"column":12},"end":{"line":86,"column":33}},"type":"binary-expr","locations":[{"start":{"line":86,"column":12},"end":{"line":86,"column":17}},{"start":{"line":86,"column":21},"end":{"line":86,"column":33}}],"line":86},"3":{"loc":{"start":{"line":103,"column":16},"end":{"line":103,"column":32}},"type":"binary-expr","locations":[{"start":{"line":103,"column":16},"end":{"line":103,"column":24}},{"start":{"line":103,"column":28},"end":{"line":103,"column":32}}],"line":103},"4":{"loc":{"start":{"line":104,"column":16},"end":{"line":104,"column":35}},"type":"binary-expr","locations":[{"start":{"line":104,"column":16},"end":{"line":104,"column":22}},{"start":{"line":104,"column":26},"end":{"line":104,"column":35}}],"line":104},"5":{"loc":{"start":{"line":159,"column":8},"end":{"line":165,"column":9}},"type":"if","locations":[{"start":{"line":159,"column":8},"end":{"line":165,"column":9}},{"start":{},"end":{}}],"line":159},"6":{"loc":{"start":{"line":200,"column":8},"end":{"line":206,"column":9}},"type":"if","locations":[{"start":{"line":200,"column":8},"end":{"line":206,"column":9}},{"start":{},"end":{}}],"line":200}},"s":{"0":5,"1":5,"2":1,"3":1,"4":1,"5":0,"6":0,"7":5,"8":0,"9":0,"10":0,"11":0,"12":0,"13":0,"14":0,"15":0,"16":5,"17":0,"18":0,"19":0,"20":0,"21":0,"22":0,"23":0,"24":0,"25":5,"26":0,"27":0,"28":0,"29":0,"30":0,"31":0,"32":0,"33":0,"34":0,"35":5,"36":0,"37":0,"38":0,"39":0,"40":0,"41":0,"42":0,"43":0,"44":5},"f":{"0":1,"1":0,"2":0,"3":0,"4":0},"b":{"0":[0,0],"1":[0,0],"2":[0,0],"3":[0,0],"4":[0,0],"5":[0,0],"6":[0,0]},"_coverageSchema":"1a1c01bbd47fc00a2c39e90264f33305004495a9","hash":"ed29bc5357eb816f90416efb1e35a5f9d76c40fc"}
,"D:\\Projects\\NetPulse\\src\\controllers\\incidentController.js": {"path":"D:\\Projects\\NetPulse\\src\\controllers\\incidentController.js","statementMap":{"0":{"start":{"line":1,"column":13},"end":{"line":1,"column":42}},"1":{"start":{"line":5,"column":21},"end":{"line":31,"column":1}},"2":{"start":{"line":7,"column":4},"end":{"line":30,"column":5}},"3":{"start":{"line":9,"column":23},"end":{"line":15,"column":9}},"4":{"start":{"line":17,"column":8},"end":{"line":20,"column":11}},"5":{"start":{"line":24,"column":8},"end":{"line":24,"column":29}},"6":{"start":{"line":26,"column":8},"end":{"line":29,"column":11}},"7":{"start":{"line":35,"column":24},"end":{"line":71,"column":1}},"8":{"start":{"line":37,"column":4},"end":{"line":70,"column":5}},"9":{"start":{"line":39,"column":23},"end":{"line":39,"column":33}},"10":{"start":{"line":41,"column":23},"end":{"line":47,"column":9}},"11":{"start":{"line":49,"column":8},"end":{"line":55,"column":9}},"12":{"start":{"line":51,"column":12},"end":{"line":54,"column":15}},"13":{"start":{"line":57,"column":8},"end":{"line":60,"column":11}},"14":{"start":{"line":64,"column":8},"end":{"line":64,"column":29}},"15":{"start":{"line":66,"column":8},"end":{"line":69,"column":11}},"16":{"start":{"line":75,"column":28},"end":{"line":114,"column":1}},"17":{"start":{"line":77,"column":4},"end":{"line":113,"column":5}},"18":{"start":{"line":79,"column":23},"end":{"line":79,"column":33}},"19":{"start":{"line":81,"column":23},"end":{"line":89,"column":9}},"20":{"start":{"line":91,"column":8},"end":{"line":97,"column":9}},"21":{"start":{"line":93,"column":12},"end":{"line":96,"column":15}},"22":{"start":{"line":99,"column":8},"end":{"line":103,"column":11}},"23":{"start":{"line":107,"column":8},"end":{"line":107,"column":29}},"24":{"start":{"line":109,"column":8},"end":{"line":112,"column":11}},"25":{"start":{"line":118,"column":24},"end":{"line":158,"column":1}},"26":{"start":{"line":120,"column":4},"end":{"line":157,"column":5}},"27":{"start":{"line":122,"column":23},"end":{"line":122,"column":33}},"28":{"start":{"line":124,"column":23},"end":{"line":133,"column":9}},"29":{"start":{"line":135,"column":8},"end":{"line":141,"column":9}},"30":{"start":{"line":137,"column":12},"end":{"line":140,"column":15}},"31":{"start":{"line":143,"column":8},"end":{"line":147,"column":11}},"32":{"start":{"line":151,"column":8},"end":{"line":151,"column":29}},"33":{"start":{"line":153,"column":8},"end":{"line":156,"column":11}},"34":{"start":{"line":161,"column":0},"end":{"line":166,"column":2}}},"fnMap":{"0":{"name":"(anonymous_0)","decl":{"start":{"line":5,"column":21},"end":{"line":5,"column":22}},"loc":{"start":{"line":5,"column":41},"end":{"line":31,"column":1}},"line":5},"1":{"name":"(anonymous_1)","decl":{"start":{"line":35,"column":24},"end":{"line":35,"column":25}},"loc":{"start":{"line":35,"column":44},"end":{"line":71,"column":1}},"line":35},"2":{"name":"(anonymous_2)","decl":{"start":{"line":75,"column":28},"end":{"line":75,"column":29}},"loc":{"start":{"line":75,"column":48},"end":{"line":114,"column":1}},"line":75},"3":{"name":"(anonymous_3)","decl":{"start":{"line":118,"column":24},"end":{"line":118,"column":25}},"loc":{"start":{"line":118,"column":44},"end":{"line":158,"column":1}},"line":118}},"branchMap":{"0":{"loc":{"start":{"line":49,"column":8},"end":{"line":55,"column":9}},"type":"if","locations":[{"start":{"line":49,"column":8},"end":{"line":55,"column":9}},{"start":{},"end":{}}],"line":49},"1":{"loc":{"start":{"line":91,"column":8},"end":{"line":97,"column":9}},"type":"if","locations":[{"start":{"line":91,"column":8},"end":{"line":97,"column":9}},{"start":{},"end":{}}],"line":91},"2":{"loc":{"start":{"line":135,"column":8},"end":{"line":141,"column":9}},"type":"if","locations":[{"start":{"line":135,"column":8},"end":{"line":141,"column":9}},{"start":{},"end":{}}],"line":135}},"s":{"0":5,"1":5,"2":0,"3":0,"4":0,"5":0,"6":0,"7":5,"8":0,"9":0,"10":0,"11":0,"12":0,"13":0,"14":0,"15":0,"16":5,"17":0,"18":0,"19":0,"20":0,"21":0,"22":0,"23":0,"24":0,"25":5,"26":0,"27":0,"28":0,"29":0,"30":0,"31":0,"32":0,"33":0,"34":5},"f":{"0":0,"1":0,"2":0,"3":0},"b":{"0":[0,0],"1":[0,0],"2":[0,0]},"_coverageSchema":"1a1c01bbd47fc00a2c39e90264f33305004495a9","hash":"17fd516d473b794619821393843e85b4863c1511"}
,"D:\\Projects\\NetPulse\\src\\controllers\\telemetryController.js": {"path":"D:\\Projects\\NetPulse\\src\\controllers\\telemetryController.js","statementMap":{"0":{"start":{"line":1,"column":13},"end":{"line":1,"column":42}},"1":{"start":{"line":5,"column":24},"end":{"line":73,"column":1}},"2":{"start":{"line":7,"column":4},"end":{"line":72,"column":5}},"3":{"start":{"line":14,"column":12},"end":{"line":14,"column":20}},"4":{"start":{"line":16,"column":8},"end":{"line":26,"column":9}},"5":{"start":{"line":22,"column":12},"end":{"line":25,"column":15}},"6":{"start":{"line":29,"column":23},"end":{"line":35,"column":9}},"7":{"start":{"line":37,"column":8},"end":{"line":43,"column":9}},"8":{"start":{"line":39,"column":12},"end":{"line":42,"column":15}},"9":{"start":{"line":45,"column":23},"end":{"line":56,"column":9}},"10":{"start":{"line":58,"column":8},"end":{"line":62,"column":11}},"11":{"start":{"line":66,"column":8},"end":{"line":66,"column":29}},"12":{"start":{"line":68,"column":8},"end":{"line":71,"column":11}},"13":{"start":{"line":77,"column":27},"end":{"line":121,"column":1}},"14":{"start":{"line":79,"column":4},"end":{"line":120,"column":5}},"15":{"start":{"line":81,"column":23},"end":{"line":81,"column":33}},"16":{"start":{"line":83,"column":23},"end":{"line":89,"column":9}},"17":{"start":{"line":91,"column":8},"end":{"line":97,"column":9}},"18":{"start":{"line":93,"column":12},"end":{"line":96,"column":15}},"19":{"start":{"line":99,"column":23},"end":{"line":105,"column":9}},"20":{"start":{"line":107,"column":8},"end":{"line":110,"column":11}},"21":{"start":{"line":114,"column":8},"end":{"line":114,"column":29}},"22":{"start":{"line":116,"column":8},"end":{"line":119,"column":11}},"23":{"start":{"line":124,"column":0},"end":{"line":127,"column":2}}},"fnMap":{"0":{"name":"(anonymous_0)","decl":{"start":{"line":5,"column":24},"end":{"line":5,"column":25}},"loc":{"start":{"line":5,"column":44},"end":{"line":73,"column":1}},"line":5},"1":{"name":"(anonymous_1)","decl":{"start":{"line":77,"column":27},"end":{"line":77,"column":28}},"loc":{"start":{"line":77,"column":47},"end":{"line":121,"column":1}},"line":77}},"branchMap":{"0":{"loc":{"start":{"line":16,"column":8},"end":{"line":26,"column":9}},"type":"if","locations":[{"start":{"line":16,"column":8},"end":{"line":26,"column":9}},{"start":{},"end":{}}],"line":16},"1":{"loc":{"start":{"line":17,"column":12},"end":{"line":19,"column":31}},"type":"binary-expr","locations":[{"start":{"line":17,"column":12},"end":{"line":17,"column":22}},{"start":{"line":18,"column":12},"end":{"line":18,"column":24}},{"start":{"line":19,"column":12},"end":{"line":19,"column":31}}],"line":17},"2":{"loc":{"start":{"line":37,"column":8},"end":{"line":43,"column":9}},"type":"if","locations":[{"start":{"line":37,"column":8},"end":{"line":43,"column":9}},{"start":{},"end":{}}],"line":37},"3":{"loc":{"start":{"line":54,"column":16},"end":{"line":54,"column":28}},"type":"binary-expr","locations":[{"start":{"line":54,"column":16},"end":{"line":54,"column":20}},{"start":{"line":54,"column":24},"end":{"line":54,"column":28}}],"line":54},"4":{"loc":{"start":{"line":91,"column":8},"end":{"line":97,"column":9}},"type":"if","locations":[{"start":{"line":91,"column":8},"end":{"line":97,"column":9}},{"start":{},"end":{}}],"line":91}},"s":{"0":5,"1":5,"2":0,"3":0,"4":0,"5":0,"6":0,"7":0,"8":0,"9":0,"10":0,"11":0,"12":0,"13":5,"14":0,"15":0,"16":0,"17":0,"18":0,"19":0,"20":0,"21":0,"22":0,"23":5},"f":{"0":0,"1":0},"b":{"0":[0,0],"1":[0,0,0],"2":[0,0],"3":[0,0],"4":[0,0]},"_coverageSchema":"1a1c01bbd47fc00a2c39e90264f33305004495a9","hash":"b4e7d1d6c7ccb290a4380c3a3750aca7491ffeeb"}
,"D:\\Projects\\NetPulse\\src\\docs\\swagger.js": {"path":"D:\\Projects\\NetPulse\\src\\docs\\swagger.js","statementMap":{"0":{"start":{"line":1,"column":21},"end":{"line":1,"column":45}},"1":{"start":{"line":3,"column":16},"end":{"line":54,"column":1}},"2":{"start":{"line":56,"column":20},"end":{"line":56,"column":41}},"3":{"start":{"line":58,"column":0},"end":{"line":58,"column":29}}},"fnMap":{},"branchMap":{},"s":{"0":5,"1":5,"2":5,"3":5},"f":{},"b":{},"_coverageSchema":"1a1c01bbd47fc00a2c39e90264f33305004495a9","hash":"629425ec92c65bf37ce7d1583269ff0801566479"}
,"D:\\Projects\\NetPulse\\src\\middleware\\authMiddleware.js": {"path":"D:\\Projects\\NetPulse\\src\\middleware\\authMiddleware.js","statementMap":{"0":{"start":{"line":1,"column":12},"end":{"line":1,"column":35}},"1":{"start":{"line":3,"column":26},"end":{"line":42,"column":1}},"2":{"start":{"line":5,"column":23},"end":{"line":5,"column":48}},"3":{"start":{"line":7,"column":4},"end":{"line":12,"column":5}},"4":{"start":{"line":8,"column":8},"end":{"line":11,"column":11}},"5":{"start":{"line":14,"column":18},"end":{"line":14,"column":42}},"6":{"start":{"line":16,"column":4},"end":{"line":21,"column":5}},"7":{"start":{"line":17,"column":8},"end":{"line":20,"column":11}},"8":{"start":{"line":23,"column":4},"end":{"line":41,"column":5}},"9":{"start":{"line":25,"column":24},"end":{"line":28,"column":9}},"10":{"start":{"line":30,"column":8},"end":{"line":30,"column":27}},"11":{"start":{"line":32,"column":8},"end":{"line":32,"column":15}},"12":{"start":{"line":36,"column":8},"end":{"line":39,"column":11}},"13":{"start":{"line":44,"column":0},"end":{"line":44,"column":35}}},"fnMap":{"0":{"name":"(anonymous_0)","decl":{"start":{"line":3,"column":26},"end":{"line":3,"column":27}},"loc":{"start":{"line":3,"column":46},"end":{"line":42,"column":1}},"line":3}},"branchMap":{"0":{"loc":{"start":{"line":7,"column":4},"end":{"line":12,"column":5}},"type":"if","locations":[{"start":{"line":7,"column":4},"end":{"line":12,"column":5}},{"start":{},"end":{}}],"line":7},"1":{"loc":{"start":{"line":16,"column":4},"end":{"line":21,"column":5}},"type":"if","locations":[{"start":{"line":16,"column":4},"end":{"line":21,"column":5}},{"start":{},"end":{}}],"line":16}},"s":{"0":5,"1":5,"2":10,"3":10,"4":8,"5":2,"6":2,"7":0,"8":2,"9":2,"10":2,"11":2,"12":0,"13":5},"f":{"0":10},"b":{"0":[8,2],"1":[0,2]},"_coverageSchema":"1a1c01bbd47fc00a2c39e90264f33305004495a9","hash":"a0b2258f66e04581264f66f4a15941ac435a4b53"}
,"D:\\Projects\\NetPulse\\src\\middleware\\errorHandler.js": {"path":"D:\\Projects\\NetPulse\\src\\middleware\\errorHandler.js","statementMap":{"0":{"start":{"line":4,"column":17},"end":{"line":11,"column":1}},"1":{"start":{"line":6,"column":4},"end":{"line":9,"column":7}},"2":{"start":{"line":17,"column":21},"end":{"line":42,"column":1}},"3":{"start":{"line":19,"column":4},"end":{"line":19,"column":33}},"4":{"start":{"line":23,"column":4},"end":{"line":32,"column":5}},"5":{"start":{"line":28,"column":8},"end":{"line":31,"column":11}},"6":{"start":{"line":36,"column":4},"end":{"line":40,"column":7}},"7":{"start":{"line":45,"column":0},"end":{"line":48,"column":2}}},"fnMap":{"0":{"name":"(anonymous_0)","decl":{"start":{"line":4,"column":17},"end":{"line":4,"column":18}},"loc":{"start":{"line":4,"column":31},"end":{"line":11,"column":1}},"line":4},"1":{"name":"(anonymous_1)","decl":{"start":{"line":17,"column":21},"end":{"line":17,"column":22}},"loc":{"start":{"line":17,"column":46},"end":{"line":42,"column":1}},"line":17}},"branchMap":{"0":{"loc":{"start":{"line":23,"column":4},"end":{"line":32,"column":5}},"type":"if","locations":[{"start":{"line":23,"column":4},"end":{"line":32,"column":5}},{"start":{},"end":{}}],"line":23},"1":{"loc":{"start":{"line":24,"column":8},"end":{"line":26,"column":21}},"type":"binary-expr","locations":[{"start":{"line":24,"column":8},"end":{"line":24,"column":34}},{"start":{"line":25,"column":8},"end":{"line":25,"column":26}},{"start":{"line":26,"column":8},"end":{"line":26,"column":21}}],"line":24},"2":{"loc":{"start":{"line":36,"column":15},"end":{"line":36,"column":32}},"type":"binary-expr","locations":[{"start":{"line":36,"column":15},"end":{"line":36,"column":25}},{"start":{"line":36,"column":29},"end":{"line":36,"column":32}}],"line":36},"3":{"loc":{"start":{"line":39,"column":12},"end":{"line":39,"column":50}},"type":"binary-expr","locations":[{"start":{"line":39,"column":12},"end":{"line":39,"column":23}},{"start":{"line":39,"column":27},"end":{"line":39,"column":50}}],"line":39}},"s":{"0":5,"1":1,"2":5,"3":0,"4":0,"5":0,"6":0,"7":5},"f":{"0":1,"1":0},"b":{"0":[0,0],"1":[0,0,0],"2":[0,0],"3":[0,0]},"_coverageSchema":"1a1c01bbd47fc00a2c39e90264f33305004495a9","hash":"1c5e1858bcf1b6d70ced55d21ef85840e96df5a2"}
,"D:\\Projects\\NetPulse\\src\\routes\\authRoutes.js": {"path":"D:\\Projects\\NetPulse\\src\\routes\\authRoutes.js","statementMap":{"0":{"start":{"line":1,"column":16},"end":{"line":1,"column":34}},"1":{"start":{"line":6,"column":4},"end":{"line":6,"column":44}},"2":{"start":{"line":11,"column":4},"end":{"line":11,"column":42}},"3":{"start":{"line":13,"column":15},"end":{"line":13,"column":31}},"4":{"start":{"line":51,"column":0},"end":{"line":55,"column":2}},"5":{"start":{"line":89,"column":0},"end":{"line":93,"column":2}},"6":{"start":{"line":95,"column":0},"end":{"line":95,"column":24}}},"fnMap":{},"branchMap":{},"s":{"0":5,"1":5,"2":5,"3":5,"4":5,"5":5,"6":5},"f":{},"b":{},"_coverageSchema":"1a1c01bbd47fc00a2c39e90264f33305004495a9","hash":"f12e1ff9ccbf89c92f5d0c8f17ff4983de93e8e7"}
,"D:\\Projects\\NetPulse\\src\\routes\\deviceRoutes.js": {"path":"D:\\Projects\\NetPulse\\src\\routes\\deviceRoutes.js","statementMap":{"0":{"start":{"line":1,"column":16},"end":{"line":1,"column":34}},"1":{"start":{"line":3,"column":26},"end":{"line":3,"column":65}},"2":{"start":{"line":6,"column":4},"end":{"line":6,"column":40}},"3":{"start":{"line":11,"column":4},"end":{"line":11,"column":44}},"4":{"start":{"line":19,"column":4},"end":{"line":19,"column":46}},"5":{"start":{"line":21,"column":15},"end":{"line":21,"column":31}},"6":{"start":{"line":37,"column":0},"end":{"line":41,"column":2}},"7":{"start":{"line":66,"column":0},"end":{"line":71,"column":2}},"8":{"start":{"line":114,"column":0},"end":{"line":119,"column":2}},"9":{"start":{"line":170,"column":0},"end":{"line":176,"column":2}},"10":{"start":{"line":199,"column":0},"end":{"line":204,"column":2}},"11":{"start":{"line":206,"column":0},"end":{"line":206,"column":24}}},"fnMap":{},"branchMap":{},"s":{"0":5,"1":5,"2":5,"3":5,"4":5,"5":5,"6":5,"7":5,"8":5,"9":5,"10":5,"11":5},"f":{},"b":{},"_coverageSchema":"1a1c01bbd47fc00a2c39e90264f33305004495a9","hash":"131c496336c627004380baec8939661ca3ec5468"}
,"D:\\Projects\\NetPulse\\src\\routes\\incidentRoutes.js": {"path":"D:\\Projects\\NetPulse\\src\\routes\\incidentRoutes.js","statementMap":{"0":{"start":{"line":1,"column":16},"end":{"line":1,"column":34}},"1":{"start":{"line":4,"column":4},"end":{"line":4,"column":43}},"2":{"start":{"line":7,"column":4},"end":{"line":7,"column":40}},"3":{"start":{"line":14,"column":4},"end":{"line":14,"column":48}},"4":{"start":{"line":16,"column":15},"end":{"line":16,"column":31}},"5":{"start":{"line":33,"column":0},"end":{"line":37,"column":2}},"6":{"start":{"line":63,"column":0},"end":{"line":68,"column":2}},"7":{"start":{"line":92,"column":0},"end":{"line":97,"column":2}},"8":{"start":{"line":121,"column":0},"end":{"line":126,"column":2}},"9":{"start":{"line":129,"column":0},"end":{"line":129,"column":24}}},"fnMap":{},"branchMap":{},"s":{"0":5,"1":5,"2":5,"3":5,"4":5,"5":5,"6":5,"7":5,"8":5,"9":5},"f":{},"b":{},"_coverageSchema":"1a1c01bbd47fc00a2c39e90264f33305004495a9","hash":"dc1ce29a12f0243f0504202d1607f3485da3ebcc"}
,"D:\\Projects\\NetPulse\\src\\routes\\telemetryRoutes.js": {"path":"D:\\Projects\\NetPulse\\src\\routes\\telemetryRoutes.js","statementMap":{"0":{"start":{"line":1,"column":16},"end":{"line":1,"column":34}},"1":{"start":{"line":4,"column":4},"end":{"line":4,"column":43}},"2":{"start":{"line":7,"column":4},"end":{"line":7,"column":40}},"3":{"start":{"line":11,"column":4},"end":{"line":11,"column":47}},"4":{"start":{"line":16,"column":4},"end":{"line":16,"column":49}},"5":{"start":{"line":18,"column":15},"end":{"line":18,"column":31}},"6":{"start":{"line":60,"column":0},"end":{"line":65,"column":2}},"7":{"start":{"line":91,"column":0},"end":{"line":96,"column":2}},"8":{"start":{"line":99,"column":0},"end":{"line":99,"column":24}}},"fnMap":{},"branchMap":{},"s":{"0":5,"1":5,"2":5,"3":5,"4":5,"5":5,"6":5,"7":5,"8":5},"f":{},"b":{},"_coverageSchema":"1a1c01bbd47fc00a2c39e90264f33305004495a9","hash":"18d2351da3619a8d3597b3e40dd9a50f5e346f49"}
,"D:\\Projects\\NetPulse\\src\\validators\\authValidator.js": {"path":"D:\\Projects\\NetPulse\\src\\validators\\authValidator.js","statementMap":{"0":{"start":{"line":4,"column":25},"end":{"line":44,"column":1}},"1":{"start":{"line":6,"column":38},"end":{"line":6,"column":46}},"2":{"start":{"line":9,"column":4},"end":{"line":14,"column":5}},"3":{"start":{"line":10,"column":8},"end":{"line":13,"column":11}},"4":{"start":{"line":17,"column":4},"end":{"line":22,"column":5}},"5":{"start":{"line":18,"column":8},"end":{"line":21,"column":11}},"6":{"start":{"line":26,"column":8},"end":{"line":26,"column":36}},"7":{"start":{"line":28,"column":4},"end":{"line":33,"column":5}},"8":{"start":{"line":29,"column":8},"end":{"line":32,"column":11}},"9":{"start":{"line":36,"column":4},"end":{"line":41,"column":5}},"10":{"start":{"line":37,"column":8},"end":{"line":40,"column":11}},"11":{"start":{"line":43,"column":4},"end":{"line":43,"column":11}},"12":{"start":{"line":50,"column":22},"end":{"line":72,"column":1}},"13":{"start":{"line":52,"column":32},"end":{"line":52,"column":40}},"14":{"start":{"line":54,"column":4},"end":{"line":59,"column":5}},"15":{"start":{"line":55,"column":8},"end":{"line":58,"column":11}},"16":{"start":{"line":62,"column":8},"end":{"line":62,"column":36}},"17":{"start":{"line":64,"column":4},"end":{"line":69,"column":5}},"18":{"start":{"line":65,"column":8},"end":{"line":68,"column":11}},"19":{"start":{"line":71,"column":4},"end":{"line":71,"column":11}},"20":{"start":{"line":75,"column":0},"end":{"line":78,"column":2}}},"fnMap":{"0":{"name":"(anonymous_0)","decl":{"start":{"line":4,"column":25},"end":{"line":4,"column":26}},"loc":{"start":{"line":4,"column":45},"end":{"line":44,"column":1}},"line":4},"1":{"name":"(anonymous_1)","decl":{"start":{"line":50,"column":22},"end":{"line":50,"column":23}},"loc":{"start":{"line":50,"column":42},"end":{"line":72,"column":1}},"line":50}},"branchMap":{"0":{"loc":{"start":{"line":9,"column":4},"end":{"line":14,"column":5}},"type":"if","locations":[{"start":{"line":9,"column":4},"end":{"line":14,"column":5}},{"start":{},"end":{}}],"line":9},"1":{"loc":{"start":{"line":9,"column":8},"end":{"line":9,"column":36}},"type":"binary-expr","locations":[{"start":{"line":9,"column":8},"end":{"line":9,"column":13}},{"start":{"line":9,"column":17},"end":{"line":9,"column":23}},{"start":{"line":9,"column":27},"end":{"line":9,"column":36}}],"line":9},"2":{"loc":{"start":{"line":17,"column":4},"end":{"line":22,"column":5}},"type":"if","locations":[{"start":{"line":17,"column":4},"end":{"line":22,"column":5}},{"start":{},"end":{}}],"line":17},"3":{"loc":{"start":{"line":17,"column":8},"end":{"line":17,"column":58}},"type":"binary-expr","locations":[{"start":{"line":17,"column":8},"end":{"line":17,"column":32}},{"start":{"line":17,"column":36},"end":{"line":17,"column":58}}],"line":17},"4":{"loc":{"start":{"line":28,"column":4},"end":{"line":33,"column":5}},"type":"if","locations":[{"start":{"line":28,"column":4},"end":{"line":33,"column":5}},{"start":{},"end":{}}],"line":28},"5":{"loc":{"start":{"line":36,"column":4},"end":{"line":41,"column":5}},"type":"if","locations":[{"start":{"line":36,"column":4},"end":{"line":41,"column":5}},{"start":{},"end":{}}],"line":36},"6":{"loc":{"start":{"line":36,"column":8},"end":{"line":36,"column":59}},"type":"binary-expr","locations":[{"start":{"line":36,"column":8},"end":{"line":36,"column":36}},{"start":{"line":36,"column":40},"end":{"line":36,"column":59}}],"line":36},"7":{"loc":{"start":{"line":54,"column":4},"end":{"line":59,"column":5}},"type":"if","locations":[{"start":{"line":54,"column":4},"end":{"line":59,"column":5}},{"start":{},"end":{}}],"line":54},"8":{"loc":{"start":{"line":54,"column":8},"end":{"line":54,"column":27}},"type":"binary-expr","locations":[{"start":{"line":54,"column":8},"end":{"line":54,"column":14}},{"start":{"line":54,"column":18},"end":{"line":54,"column":27}}],"line":54},"9":{"loc":{"start":{"line":64,"column":4},"end":{"line":69,"column":5}},"type":"if","locations":[{"start":{"line":64,"column":4},"end":{"line":69,"column":5}},{"start":{},"end":{}}],"line":64}},"s":{"0":5,"1":6,"2":6,"3":1,"4":5,"5":0,"6":5,"7":5,"8":1,"9":4,"10":0,"11":4,"12":5,"13":4,"14":4,"15":1,"16":3,"17":3,"18":0,"19":3,"20":5},"f":{"0":6,"1":4},"b":{"0":[1,5],"1":[6,5,5],"2":[0,5],"3":[5,5],"4":[1,4],"5":[0,4],"6":[4,4],"7":[1,3],"8":[4,3],"9":[0,3]},"_coverageSchema":"1a1c01bbd47fc00a2c39e90264f33305004495a9","hash":"6e65428e51415ca588f65362234e7318465434ea"}
,"D:\\Projects\\NetPulse\\src\\validators\\deviceValidator.js": {"path":"D:\\Projects\\NetPulse\\src\\validators\\deviceValidator.js","statementMap":{"0":{"start":{"line":4,"column":29},"end":{"line":57,"column":1}},"1":{"start":{"line":11,"column":8},"end":{"line":11,"column":16}},"2":{"start":{"line":15,"column":4},"end":{"line":20,"column":5}},"3":{"start":{"line":16,"column":8},"end":{"line":19,"column":11}},"4":{"start":{"line":24,"column":4},"end":{"line":29,"column":5}},"5":{"start":{"line":25,"column":8},"end":{"line":28,"column":11}},"6":{"start":{"line":33,"column":4},"end":{"line":41,"column":5}},"7":{"start":{"line":37,"column":8},"end":{"line":40,"column":11}},"8":{"start":{"line":45,"column":4},"end":{"line":53,"column":5}},"9":{"start":{"line":49,"column":8},"end":{"line":52,"column":11}},"10":{"start":{"line":56,"column":4},"end":{"line":56,"column":11}},"11":{"start":{"line":63,"column":29},"end":{"line":103,"column":1}},"12":{"start":{"line":70,"column":8},"end":{"line":70,"column":16}},"13":{"start":{"line":73,"column":4},"end":{"line":78,"column":5}},"14":{"start":{"line":74,"column":8},"end":{"line":77,"column":11}},"15":{"start":{"line":81,"column":4},"end":{"line":89,"column":5}},"16":{"start":{"line":85,"column":8},"end":{"line":88,"column":11}},"17":{"start":{"line":92,"column":4},"end":{"line":99,"column":5}},"18":{"start":{"line":95,"column":8},"end":{"line":98,"column":11}},"19":{"start":{"line":102,"column":4},"end":{"line":102,"column":11}},"20":{"start":{"line":106,"column":0},"end":{"line":109,"column":2}}},"fnMap":{"0":{"name":"(anonymous_0)","decl":{"start":{"line":4,"column":29},"end":{"line":4,"column":30}},"loc":{"start":{"line":4,"column":49},"end":{"line":57,"column":1}},"line":4},"1":{"name":"(anonymous_1)","decl":{"start":{"line":63,"column":29},"end":{"line":63,"column":30}},"loc":{"start":{"line":63,"column":49},"end":{"line":103,"column":1}},"line":63}},"branchMap":{"0":{"loc":{"start":{"line":15,"column":4},"end":{"line":20,"column":5}},"type":"if","locations":[{"start":{"line":15,"column":4},"end":{"line":20,"column":5}},{"start":{},"end":{}}],"line":15},"1":{"loc":{"start":{"line":15,"column":8},"end":{"line":15,"column":29}},"type":"binary-expr","locations":[{"start":{"line":15,"column":8},"end":{"line":15,"column":13}},{"start":{"line":15,"column":17},"end":{"line":15,"column":29}}],"line":15},"2":{"loc":{"start":{"line":24,"column":4},"end":{"line":29,"column":5}},"type":"if","locations":[{"start":{"line":24,"column":4},"end":{"line":29,"column":5}},{"start":{},"end":{}}],"line":24},"3":{"loc":{"start":{"line":24,"column":8},"end":{"line":24,"column":58}},"type":"binary-expr","locations":[{"start":{"line":24,"column":8},"end":{"line":24,"column":32}},{"start":{"line":24,"column":36},"end":{"line":24,"column":58}}],"line":24},"4":{"loc":{"start":{"line":33,"column":4},"end":{"line":41,"column":5}},"type":"if","locations":[{"start":{"line":33,"column":4},"end":{"line":41,"column":5}},{"start":{},"end":{}}],"line":33},"5":{"loc":{"start":{"line":34,"column":8},"end":{"line":35,"column":37}},"type":"binary-expr","locations":[{"start":{"line":34,"column":8},"end":{"line":34,"column":39}},{"start":{"line":35,"column":8},"end":{"line":35,"column":37}}],"line":34},"6":{"loc":{"start":{"line":45,"column":4},"end":{"line":53,"column":5}},"type":"if","locations":[{"start":{"line":45,"column":4},"end":{"line":53,"column":5}},{"start":{},"end":{}}],"line":45},"7":{"loc":{"start":{"line":46,"column":8},"end":{"line":47,"column":47}},"type":"binary-expr","locations":[{"start":{"line":46,"column":8},"end":{"line":46,"column":28}},{"start":{"line":47,"column":8},"end":{"line":47,"column":47}}],"line":46},"8":{"loc":{"start":{"line":73,"column":4},"end":{"line":78,"column":5}},"type":"if","locations":[{"start":{"line":73,"column":4},"end":{"line":78,"column":5}},{"start":{},"end":{}}],"line":73},"9":{"loc":{"start":{"line":73,"column":8},"end":{"line":73,"column":40}},"type":"binary-expr","locations":[{"start":{"line":73,"column":8},"end":{"line":73,"column":13}},{"start":{"line":73,"column":17},"end":{"line":73,"column":29}},{"start":{"line":73,"column":33},"end":{"line":73,"column":40}}],"line":73},"10":{"loc":{"start":{"line":81,"column":4},"end":{"line":89,"column":5}},"type":"if","locations":[{"start":{"line":81,"column":4},"end":{"line":89,"column":5}},{"start":{},"end":{}}],"line":81},"11":{"loc":{"start":{"line":82,"column":8},"end":{"line":83,"column":30}},"type":"binary-expr","locations":[{"start":{"line":82,"column":8},"end":{"line":82,"column":32}},{"start":{"line":83,"column":8},"end":{"line":83,"column":30}}],"line":82},"12":{"loc":{"start":{"line":92,"column":4},"end":{"line":99,"column":5}},"type":"if","locations":[{"start":{"line":92,"column":4},"end":{"line":99,"column":5}},{"start":{},"end":{}}],"line":92}},"s":{"0":5,"1":0,"2":0,"3":0,"4":0,"5":0,"6":0,"7":0,"8":0,"9":0,"10":0,"11":5,"12":0,"13":0,"14":0,"15":0,"16":0,"17":0,"18":0,"19":0,"20":5},"f":{"0":0,"1":0},"b":{"0":[0,0],"1":[0,0],"2":[0,0],"3":[0,0],"4":[0,0],"5":[0,0],"6":[0,0],"7":[0,0],"8":[0,0],"9":[0,0,0],"10":[0,0],"11":[0,0],"12":[0,0]},"_coverageSchema":"1a1c01bbd47fc00a2c39e90264f33305004495a9","hash":"bd7850cba301f49bfe062948bc2fe30426a406e3"}
,"D:\\Projects\\NetPulse\\src\\validators\\idValidator.js": {"path":"D:\\Projects\\NetPulse\\src\\validators\\idValidator.js","statementMap":{"0":{"start":{"line":1,"column":19},"end":{"line":20,"column":1}},"1":{"start":{"line":3,"column":19},"end":{"line":3,"column":29}},"2":{"start":{"line":5,"column":4},"end":{"line":10,"column":5}},"3":{"start":{"line":6,"column":8},"end":{"line":9,"column":11}},"4":{"start":{"line":12,"column":4},"end":{"line":17,"column":5}},"5":{"start":{"line":13,"column":8},"end":{"line":16,"column":11}},"6":{"start":{"line":19,"column":4},"end":{"line":19,"column":11}},"7":{"start":{"line":23,"column":0},"end":{"line":23,"column":28}}},"fnMap":{"0":{"name":"(anonymous_0)","decl":{"start":{"line":1,"column":19},"end":{"line":1,"column":20}},"loc":{"start":{"line":1,"column":39},"end":{"line":20,"column":1}},"line":1}},"branchMap":{"0":{"loc":{"start":{"line":5,"column":4},"end":{"line":10,"column":5}},"type":"if","locations":[{"start":{"line":5,"column":4},"end":{"line":10,"column":5}},{"start":{},"end":{}}],"line":5},"1":{"loc":{"start":{"line":12,"column":4},"end":{"line":17,"column":5}},"type":"if","locations":[{"start":{"line":12,"column":4},"end":{"line":17,"column":5}},{"start":{},"end":{}}],"line":12}},"s":{"0":5,"1":1,"2":1,"3":1,"4":0,"5":0,"6":0,"7":5},"f":{"0":1},"b":{"0":[1,0],"1":[0,0]},"_coverageSchema":"1a1c01bbd47fc00a2c39e90264f33305004495a9","hash":"8f4b61b28173dbfaa69b1883ea3b1ccc5ba1181b"}
,"D:\\Projects\\NetPulse\\src\\validators\\telemetryValidator.js": {"path":"D:\\Projects\\NetPulse\\src\\validators\\telemetryValidator.js","statementMap":{"0":{"start":{"line":1,"column":32},"end":{"line":75,"column":1}},"1":{"start":{"line":8,"column":8},"end":{"line":8,"column":16}},"2":{"start":{"line":12,"column":4},"end":{"line":22,"column":5}},"3":{"start":{"line":17,"column":8},"end":{"line":21,"column":11}},"4":{"start":{"line":26,"column":4},"end":{"line":34,"column":5}},"5":{"start":{"line":30,"column":8},"end":{"line":33,"column":11}},"6":{"start":{"line":38,"column":4},"end":{"line":46,"column":5}},"7":{"start":{"line":42,"column":8},"end":{"line":45,"column":11}},"8":{"start":{"line":50,"column":4},"end":{"line":58,"column":5}},"9":{"start":{"line":54,"column":8},"end":{"line":57,"column":11}},"10":{"start":{"line":62,"column":4},"end":{"line":71,"column":5}},"11":{"start":{"line":67,"column":8},"end":{"line":70,"column":11}},"12":{"start":{"line":74,"column":4},"end":{"line":74,"column":11}},"13":{"start":{"line":78,"column":0},"end":{"line":80,"column":2}}},"fnMap":{"0":{"name":"(anonymous_0)","decl":{"start":{"line":1,"column":32},"end":{"line":1,"column":33}},"loc":{"start":{"line":1,"column":52},"end":{"line":75,"column":1}},"line":1}},"branchMap":{"0":{"loc":{"start":{"line":12,"column":4},"end":{"line":22,"column":5}},"type":"if","locations":[{"start":{"line":12,"column":4},"end":{"line":22,"column":5}},{"start":{},"end":{}}],"line":12},"1":{"loc":{"start":{"line":13,"column":8},"end":{"line":15,"column":27}},"type":"binary-expr","locations":[{"start":{"line":13,"column":8},"end":{"line":13,"column":31}},{"start":{"line":14,"column":8},"end":{"line":14,"column":20}},{"start":{"line":15,"column":8},"end":{"line":15,"column":27}}],"line":13},"2":{"loc":{"start":{"line":26,"column":4},"end":{"line":34,"column":5}},"type":"if","locations":[{"start":{"line":26,"column":4},"end":{"line":34,"column":5}},{"start":{},"end":{}}],"line":26},"3":{"loc":{"start":{"line":27,"column":8},"end":{"line":28,"column":30}},"type":"binary-expr","locations":[{"start":{"line":27,"column":8},"end":{"line":27,"column":44}},{"start":{"line":28,"column":8},"end":{"line":28,"column":30}}],"line":27},"4":{"loc":{"start":{"line":38,"column":4},"end":{"line":46,"column":5}},"type":"if","locations":[{"start":{"line":38,"column":4},"end":{"line":46,"column":5}},{"start":{},"end":{}}],"line":38},"5":{"loc":{"start":{"line":39,"column":8},"end":{"line":40,"column":37}},"type":"binary-expr","locations":[{"start":{"line":39,"column":8},"end":{"line":39,"column":39}},{"start":{"line":40,"column":8},"end":{"line":40,"column":37}}],"line":39},"6":{"loc":{"start":{"line":50,"column":4},"end":{"line":58,"column":5}},"type":"if","locations":[{"start":{"line":50,"column":4},"end":{"line":58,"column":5}},{"start":{},"end":{}}],"line":50},"7":{"loc":{"start":{"line":51,"column":8},"end":{"line":52,"column":31}},"type":"binary-expr","locations":[{"start":{"line":51,"column":8},"end":{"line":51,"column":33}},{"start":{"line":52,"column":8},"end":{"line":52,"column":31}}],"line":51},"8":{"loc":{"start":{"line":62,"column":4},"end":{"line":71,"column":5}},"type":"if","locations":[{"start":{"line":62,"column":4},"end":{"line":71,"column":5}},{"start":{},"end":{}}],"line":62},"9":{"loc":{"start":{"line":63,"column":8},"end":{"line":65,"column":32}},"type":"binary-expr","locations":[{"start":{"line":63,"column":8},"end":{"line":63,"column":26}},{"start":{"line":64,"column":8},"end":{"line":64,"column":21}},{"start":{"line":65,"column":8},"end":{"line":65,"column":32}}],"line":63}},"s":{"0":5,"1":0,"2":0,"3":0,"4":0,"5":0,"6":0,"7":0,"8":0,"9":0,"10":0,"11":0,"12":0,"13":5},"f":{"0":0},"b":{"0":[0,0],"1":[0,0,0],"2":[0,0],"3":[0,0],"4":[0,0],"5":[0,0],"6":[0,0],"7":[0,0],"8":[0,0],"9":[0,0,0]},"_coverageSchema":"1a1c01bbd47fc00a2c39e90264f33305004495a9","hash":"0b36a2b5eeca2a4f548d4feae861c1b0c970a14e"}
}
