TN:
SF:src\app.js
FN:36,(anonymous_0)
FNF:1
FNH:1
FNDA:1,(anonymous_0)
DA:1,5
DA:3,5
DA:4,5
DA:7,5
DA:10,5
DA:13,5
DA:16,5
DA:21,5
DA:24,5
DA:27,5
DA:29,5
DA:36,5
DA:38,1
DA:46,5
DA:51,5
DA:56,5
DA:61,5
DA:67,5
DA:70,5
DA:72,5
LF:20
LH:20
BRF:0
BRH:0
end_of_record
TN:
SF:src\config\database.js
FN:12,(anonymous_0)
FN:16,(anonymous_1)
FNF:2
FNH:1
FNDA:2,(anonymous_0)
FNDA:0,(anonymous_1)
DA:1,5
DA:2,5
DA:4,5
DA:12,5
DA:13,2
DA:16,5
DA:17,0
DA:20,5
LF:8
LH:7
BRF:0
BRH:0
end_of_record
TN:
SF:src\controllers\authController.js
FN:9,(anonymous_0)
FN:66,(anonymous_1)
FNF:2
FNH:2
FNDA:4,(anonymous_0)
FNDA:3,(anonymous_1)
DA:1,5
DA:2,5
DA:3,5
DA:9,5
DA:10,4
DA:11,4
DA:14,4
DA:15,0
DA:22,4
DA:27,4
DA:28,0
DA:35,4
DA:38,4
DA:46,4
DA:53,0
DA:55,0
DA:66,5
DA:67,3
DA:68,3
DA:70,3
DA:71,0
DA:78,3
DA:83,3
DA:84,0
DA:90,3
DA:93,3
DA:98,3
DA:99,0
DA:106,3
DA:118,3
DA:133,0
DA:135,0
DA:143,5
LF:33
LH:24
BRDA:14,0,0,0
BRDA:14,0,1,4
BRDA:14,1,0,4
BRDA:14,1,1,4
BRDA:14,1,2,4
BRDA:27,2,0,0
BRDA:27,2,1,4
BRDA:70,3,0,0
BRDA:70,3,1,3
BRDA:70,4,0,3
BRDA:70,4,1,3
BRDA:83,5,0,0
BRDA:83,5,1,3
BRDA:98,6,0,0
BRDA:98,6,1,3
BRF:15
BRH:10
end_of_record
TN:
SF:src\controllers\deviceController.js
FN:5,(anonymous_0)
FN:35,(anonymous_1)
FN:75,(anonymous_2)
FN:127,(anonymous_3)
FN:186,(anonymous_4)
FNF:5
FNH:1
FNDA:1,(anonymous_0)
FNDA:0,(anonymous_1)
FNDA:0,(anonymous_2)
FNDA:0,(anonymous_3)
FNDA:0,(anonymous_4)
DA:1,5
DA:5,5
DA:7,1
DA:9,1
DA:17,1
DA:24,0
DA:26,0
DA:35,5
DA:37,0
DA:39,0
DA:41,0
DA:49,0
DA:51,0
DA:57,0
DA:64,0
DA:66,0
DA:75,5
DA:77,0
DA:84,0
DA:86,0
DA:88,0
DA:94,0
DA:108,0
DA:116,0
DA:118,0
DA:127,5
DA:129,0
DA:131,0
DA:138,0
DA:140,0
DA:159,0
DA:161,0
DA:167,0
DA:175,0
DA:177,0
DA:186,5
DA:188,0
DA:190,0
DA:192,0
DA:200,0
DA:202,0
DA:208,0
DA:215,0
DA:217,0
DA:225,5
LF:45
LH:10
BRDA:49,0,0,0
BRDA:49,0,1,0
BRDA:86,1,0,0
BRDA:86,1,1,0
BRDA:86,2,0,0
BRDA:86,2,1,0
BRDA:103,3,0,0
BRDA:103,3,1,0
BRDA:104,4,0,0
BRDA:104,4,1,0
BRDA:159,5,0,0
BRDA:159,5,1,0
BRDA:200,6,0,0
BRDA:200,6,1,0
BRF:14
BRH:0
end_of_record
TN:
SF:src\controllers\incidentController.js
FN:5,(anonymous_0)
FN:35,(anonymous_1)
FN:75,(anonymous_2)
FN:118,(anonymous_3)
FNF:4
FNH:0
FNDA:0,(anonymous_0)
FNDA:0,(anonymous_1)
FNDA:0,(anonymous_2)
FNDA:0,(anonymous_3)
DA:1,5
DA:5,5
DA:7,0
DA:9,0
DA:17,0
DA:24,0
DA:26,0
DA:35,5
DA:37,0
DA:39,0
DA:41,0
DA:49,0
DA:51,0
DA:57,0
DA:64,0
DA:66,0
DA:75,5
DA:77,0
DA:79,0
DA:81,0
DA:91,0
DA:93,0
DA:99,0
DA:107,0
DA:109,0
DA:118,5
DA:120,0
DA:122,0
DA:124,0
DA:135,0
DA:137,0
DA:143,0
DA:151,0
DA:153,0
DA:161,5
LF:35
LH:6
BRDA:49,0,0,0
BRDA:49,0,1,0
BRDA:91,1,0,0
BRDA:91,1,1,0
BRDA:135,2,0,0
BRDA:135,2,1,0
BRF:6
BRH:0
end_of_record
TN:
SF:src\controllers\telemetryController.js
FN:5,(anonymous_0)
FN:77,(anonymous_1)
FNF:2
FNH:0
FNDA:0,(anonymous_0)
FNDA:0,(anonymous_1)
DA:1,5
DA:5,5
DA:7,0
DA:14,0
DA:16,0
DA:22,0
DA:29,0
DA:37,0
DA:39,0
DA:45,0
DA:58,0
DA:66,0
DA:68,0
DA:77,5
DA:79,0
DA:81,0
DA:83,0
DA:91,0
DA:93,0
DA:99,0
DA:107,0
DA:114,0
DA:116,0
DA:124,5
LF:24
LH:4
BRDA:16,0,0,0
BRDA:16,0,1,0
BRDA:17,1,0,0
BRDA:17,1,1,0
BRDA:17,1,2,0
BRDA:37,2,0,0
BRDA:37,2,1,0
BRDA:54,3,0,0
BRDA:54,3,1,0
BRDA:91,4,0,0
BRDA:91,4,1,0
BRF:11
BRH:0
end_of_record
TN:
SF:src\docs\swagger.js
FNF:0
FNH:0
DA:1,5
DA:3,5
DA:56,5
DA:58,5
LF:4
LH:4
BRF:0
BRH:0
end_of_record
TN:
SF:src\middleware\authMiddleware.js
FN:3,(anonymous_0)
FNF:1
FNH:1
FNDA:10,(anonymous_0)
DA:1,5
DA:3,5
DA:5,10
DA:7,10
DA:8,8
DA:14,2
DA:16,2
DA:17,0
DA:23,2
DA:25,2
DA:30,2
DA:32,2
DA:36,0
DA:44,5
LF:14
LH:12
BRDA:7,0,0,8
BRDA:7,0,1,2
BRDA:16,1,0,0
BRDA:16,1,1,2
BRF:4
BRH:3
end_of_record
TN:
SF:src\middleware\errorHandler.js
FN:4,(anonymous_0)
FN:17,(anonymous_1)
FNF:2
FNH:1
FNDA:1,(anonymous_0)
FNDA:0,(anonymous_1)
DA:4,5
DA:6,1
DA:17,5
DA:19,0
DA:23,0
DA:28,0
DA:36,0
DA:45,5
LF:8
LH:4
BRDA:23,0,0,0
BRDA:23,0,1,0
BRDA:24,1,0,0
BRDA:24,1,1,0
BRDA:24,1,2,0
BRDA:36,2,0,0
BRDA:36,2,1,0
BRDA:39,3,0,0
BRDA:39,3,1,0
BRF:9
BRH:0
end_of_record
TN:
SF:src\routes\authRoutes.js
FNF:0
FNH:0
DA:1,5
DA:6,5
DA:11,5
DA:13,5
DA:51,5
DA:89,5
DA:95,5
LF:7
LH:7
BRF:0
BRH:0
end_of_record
TN:
SF:src\routes\deviceRoutes.js
FNF:0
FNH:0
DA:1,5
DA:3,5
DA:6,5
DA:11,5
DA:19,5
DA:21,5
DA:37,5
DA:66,5
DA:114,5
DA:170,5
DA:199,5
DA:206,5
LF:12
LH:12
BRF:0
BRH:0
end_of_record
TN:
SF:src\routes\incidentRoutes.js
FNF:0
FNH:0
DA:1,5
DA:4,5
DA:7,5
DA:14,5
DA:16,5
DA:33,5
DA:63,5
DA:92,5
DA:121,5
DA:129,5
LF:10
LH:10
BRF:0
BRH:0
end_of_record
TN:
SF:src\routes\telemetryRoutes.js
FNF:0
FNH:0
DA:1,5
DA:4,5
DA:7,5
DA:11,5
DA:16,5
DA:18,5
DA:60,5
DA:91,5
DA:99,5
LF:9
LH:9
BRF:0
BRH:0
end_of_record
TN:
SF:src\validators\authValidator.js
FN:4,(anonymous_0)
FN:50,(anonymous_1)
FNF:2
FNH:2
FNDA:6,(anonymous_0)
FNDA:4,(anonymous_1)
DA:4,5
DA:6,6
DA:9,6
DA:10,1
DA:17,5
DA:18,0
DA:26,5
DA:28,5
DA:29,1
DA:36,4
DA:37,0
DA:43,4
DA:50,5
DA:52,4
DA:54,4
DA:55,1
DA:62,3
DA:64,3
DA:65,0
DA:71,3
DA:75,5
LF:21
LH:18
BRDA:9,0,0,1
BRDA:9,0,1,5
BRDA:9,1,0,6
BRDA:9,1,1,5
BRDA:9,1,2,5
BRDA:17,2,0,0
BRDA:17,2,1,5
BRDA:17,3,0,5
BRDA:17,3,1,5
BRDA:28,4,0,1
BRDA:28,4,1,4
BRDA:36,5,0,0
BRDA:36,5,1,4
BRDA:36,6,0,4
BRDA:36,6,1,4
BRDA:54,7,0,1
BRDA:54,7,1,3
BRDA:54,8,0,4
BRDA:54,8,1,3
BRDA:64,9,0,0
BRDA:64,9,1,3
BRF:21
BRH:18
end_of_record
TN:
SF:src\validators\deviceValidator.js
FN:4,(anonymous_0)
FN:63,(anonymous_1)
FNF:2
FNH:0
FNDA:0,(anonymous_0)
FNDA:0,(anonymous_1)
DA:4,5
DA:11,0
DA:15,0
DA:16,0
DA:24,0
DA:25,0
DA:33,0
DA:37,0
DA:45,0
DA:49,0
DA:56,0
DA:63,5
DA:70,0
DA:73,0
DA:74,0
DA:81,0
DA:85,0
DA:92,0
DA:95,0
DA:102,0
DA:106,5
LF:21
LH:3
BRDA:15,0,0,0
BRDA:15,0,1,0
BRDA:15,1,0,0
BRDA:15,1,1,0
BRDA:24,2,0,0
BRDA:24,2,1,0
BRDA:24,3,0,0
BRDA:24,3,1,0
BRDA:33,4,0,0
BRDA:33,4,1,0
BRDA:34,5,0,0
BRDA:34,5,1,0
BRDA:45,6,0,0
BRDA:45,6,1,0
BRDA:46,7,0,0
BRDA:46,7,1,0
BRDA:73,8,0,0
BRDA:73,8,1,0
BRDA:73,9,0,0
BRDA:73,9,1,0
BRDA:73,9,2,0
BRDA:81,10,0,0
BRDA:81,10,1,0
BRDA:82,11,0,0
BRDA:82,11,1,0
BRDA:92,12,0,0
BRDA:92,12,1,0
BRF:27
BRH:0
end_of_record
TN:
SF:src\validators\idValidator.js
FN:1,(anonymous_0)
FNF:1
FNH:1
FNDA:1,(anonymous_0)
DA:1,5
DA:3,1
DA:5,1
DA:6,1
DA:12,0
DA:13,0
DA:19,0
DA:23,5
LF:8
LH:5
BRDA:5,0,0,1
BRDA:5,0,1,0
BRDA:12,1,0,0
BRDA:12,1,1,0
BRF:4
BRH:1
end_of_record
TN:
SF:src\validators\telemetryValidator.js
FN:1,(anonymous_0)
FNF:1
FNH:0
FNDA:0,(anonymous_0)
DA:1,5
DA:8,0
DA:12,0
DA:17,0
DA:26,0
DA:30,0
DA:38,0
DA:42,0
DA:50,0
DA:54,0
DA:62,0
DA:67,0
DA:74,0
DA:78,5
LF:14
LH:2
BRDA:12,0,0,0
BRDA:12,0,1,0
BRDA:13,1,0,0
BRDA:13,1,1,0
BRDA:13,1,2,0
BRDA:26,2,0,0
BRDA:26,2,1,0
BRDA:27,3,0,0
BRDA:27,3,1,0
BRDA:38,4,0,0
BRDA:38,4,1,0
BRDA:39,5,0,0
BRDA:39,5,1,0
BRDA:50,6,0,0
BRDA:50,6,1,0
BRDA:51,7,0,0
BRDA:51,7,1,0
BRDA:62,8,0,0
BRDA:62,8,1,0
BRDA:63,9,0,0
BRDA:63,9,1,0
BRDA:63,9,2,0
BRF:22
BRH:0
end_of_record
